{"C:\\Users\\leobe\\Desktop\\Projetos Nodejs-Typescript\\ChatTest\\server\\src\\config\\database.ts": {"path":"C:\\Users\\leobe\\Desktop\\Projetos Nodejs-Typescript\\ChatTest\\server\\src\\config\\database.ts","statementMap":{"0":{"start":{"line":1,"column":0},"end":{"line":1,"column":27}},"1":{"start":{"line":3,"column":13},"end":{"line":15,"column":3}}},"fnMap":{},"branchMap":{},"s":{"0":1,"1":1},"f":{},"b":{}}
,"C:\\Users\\leobe\\Desktop\\Projetos Nodejs-Typescript\\ChatTest\\server\\src\\repository\\MessageRepository.ts": {"path":"C:\\Users\\leobe\\Desktop\\Projetos Nodejs-Typescript\\ChatTest\\server\\src\\repository\\MessageRepository.ts","statementMap":{"0":{"start":{"line":1,"column":0},"end":{"line":1,"column":42}},"1":{"start":{"line":7,"column":8},"end":{"line":7,"column":31}},"2":{"start":{"line":11,"column":8},"end":{"line":19,"column":9}},"3":{"start":{"line":12,"column":12},"end":{"line":15,"column":14}},"4":{"start":{"line":16,"column":12},"end":{"line":16,"column":59}},"5":{"start":{"line":18,"column":12},"end":{"line":18,"column":31}},"6":{"start":{"line":3,"column":0},"end":{"line":3,"column":13}}},"fnMap":{"0":{"name":"(anonymous_7)","decl":{"start":{"line":6,"column":4},"end":{"line":6,"column":null}},"loc":{"start":{"line":6,"column":4},"end":{"line":8,"column":5}}},"1":{"name":"(anonymous_8)","decl":{"start":{"line":10,"column":10},"end":{"line":10,"column":21}},"loc":{"start":{"line":10,"column":68},"end":{"line":20,"column":null}}}},"branchMap":{},"s":{"0":1,"1":1,"2":0,"3":0,"4":0,"5":0,"6":1},"f":{"0":1,"1":0},"b":{}}
}
